<?xml version="1.0" encoding="UTF-8"?>
<!-- Generated by org.testng.reporters.JUnitXMLReporter -->
<testsuite ignored="0" hostname="AhmadShahwaiz" failures="0" tests="5" name="Application Test" time="241.599" errors="0" timestamp="2021-03-07T14:08:59 PKT">
  <testcase classname="testclasses.Login_TestClass" name="load_Homepage_Http" time="97.249"/>
  <testcase classname="testclasses.Login_TestClass" name="load_Homepage_Https" time="55.192"/>
  <testcase classname="testclasses.SignUp_TestClass" name="load_Homepage_Http" time="16.411"/>
  <testcase classname="testclasses.SignUp_TestClass" name="load_Homepage_Https" time="27.064"/>
  <testcase classname="testclasses.ChangeLanguage_TestClass" name="englishToArabic" time="38.714"/>
</testsuite> <!-- Application Test -->
